<?xml version="1.0" encoding="UTF-8"?>
<!-- Generated by org.testng.reporters.JUnitReportReporter -->
<testsuite hostname="Mohsin_PC" failures="0" tests="1" name="demosauce.testscripts.BuyproductTest" time="1.270" errors="0" timestamp="2023-04-18T12:55:15 EDT" skipped="0">
  <testcase classname="demosauce.testscripts.BuyproductTest" name="buyProduts" time="1.270"/>
  <system-out/>
</testsuite> <!-- demosauce.testscripts.BuyproductTest -->
