<?xml version="1.0" encoding="UTF-8"?>
<!-- Generated by org.testng.reporters.JUnitReportReporter -->
<testsuite hostname="Mohsin_PC" failures="0" tests="1" name="demosauce.testscripts.ScenarioFour" time="0.869" errors="0" timestamp="2023-04-21T14:57:12 EDT" skipped="0">
  <testcase classname="demosauce.testscripts.ScenarioFour" name="varifySccessMsg" time="0.869"/>
  <system-out/>
</testsuite> <!-- demosauce.testscripts.ScenarioFour -->
