<?xml version="1.0" encoding="UTF-8"?>
<!-- Generated by org.testng.reporters.JUnitReportReporter -->
<testsuite hostname="Mohsin_PC" failures="0" tests="1" name="demosauce.testscripts.ScenarioThreeTest" time="1.469" errors="0" timestamp="2023-04-18T12:55:15 EDT" skipped="0">
  <testcase classname="demosauce.testscripts.ScenarioThreeTest" name="verifyErrorOfName" time="1.469"/>
  <system-out/>
</testsuite> <!-- demosauce.testscripts.ScenarioThreeTest -->
