<?xml version="1.0" encoding="UTF-8"?>
<!-- Generated by org.testng.reporters.JUnitReportReporter -->
<testsuite hostname="Mohsin_PC" failures="0" tests="1" name="demosauce.testscripts.VerifyErrMsgTest" time="0.609" errors="0" timestamp="2023-04-18T12:55:15 EDT" skipped="0">
  <testcase classname="demosauce.testscripts.VerifyErrMsgTest" name="verifyErrMsg" time="0.609"/>
  <system-out/>
</testsuite> <!-- demosauce.testscripts.VerifyErrMsgTest -->
