<?xml version="1.0" encoding="UTF-8"?>
<!-- Generated by org.testng.reporters.JUnitReportReporter -->
<testsuite hostname="Mohsin_PC" failures="0" tests="5" name="demosauce.testscripts.TestRunner" time="13.913" errors="0" timestamp="2023-04-21T15:49:25 EDT" skipped="0">
  <testcase classname="demosauce.testscripts.TestRunner" name="runScenario" time="2.600"/>
  <system-out/>
  <testcase classname="demosauce.testscripts.TestRunner" name="runScenario" time="2.267"/>
  <system-out/>
  <testcase classname="demosauce.testscripts.TestRunner" name="runScenario" time="4.356"/>
  <system-out/>
  <testcase classname="demosauce.testscripts.TestRunner" name="runScenario" time="3.134"/>
  <system-out/>
  <testcase classname="demosauce.testscripts.TestRunner" name="runScenario" time="1.556"/>
  <system-out/>
</testsuite> <!-- demosauce.testscripts.TestRunner -->
