<?xml version="1.0" encoding="UTF-8"?>
<!-- Generated by org.testng.reporters.JUnitReportReporter -->
<testsuite hostname="Mohsin_PC" failures="0" tests="1" name="demo.PutDemo" time="1.744" errors="0" timestamp="2023-04-24T16:01:03 EDT" skipped="0">
  <testcase classname="demo.PutDemo" name="createResource" time="1.744"/>
  <system-out/>
</testsuite> <!-- demo.PutDemo -->
