<?xml version="1.0" encoding="UTF-8"?>
<!-- Generated by org.testng.reporters.JUnitReportReporter -->
<testsuite hostname="Mohsin_PC" failures="0" tests="3" name="demo.CreateUpdateDeleteUsers" time="4.828" errors="0" timestamp="2023-04-27T17:47:00 EDT" skipped="0">
  <testcase classname="demo.CreateUpdateDeleteUsers" name="createUser" time="3.303"/>
  <system-out/>
  <testcase classname="demo.CreateUpdateDeleteUsers" name="updateUser" time="0.524"/>
  <system-out/>
  <testcase classname="demo.CreateUpdateDeleteUsers" name="deleteUuser" time="1.001"/>
  <system-out/>
</testsuite> <!-- demo.CreateUpdateDeleteUsers -->
