<?xml version="1.0" encoding="UTF-8"?>
<!-- Generated by org.testng.reporters.JUnitReportReporter -->
<testsuite hostname="Mohsin_PC" failures="0" tests="1" name="demo.GetUsers" time="3.021" errors="0" timestamp="2023-04-27T17:29:43 EDT" skipped="0">
  <testcase classname="demo.GetUsers" name="getAllUsers" time="3.021"/>
  <system-out/>
</testsuite> <!-- demo.GetUsers -->
