<?xml version="1.0" encoding="UTF-8"?>
<!-- Generated by org.testng.reporters.JUnitReportReporter -->
<testsuite hostname="Mohsin_PC" failures="0" tests="1" name="demo.PostDemo" time="2.609" errors="0" timestamp="2023-04-27T17:24:36 EDT" skipped="0">
  <testcase classname="demo.PostDemo" name="createResources" time="2.609"/>
  <system-out/>
</testsuite> <!-- demo.PostDemo -->
