<?xml version="1.0" encoding="UTF-8"?>
<!-- Generated by org.testng.reporters.JUnitReportReporter -->
<testsuite hostname="Mohsin_PC" failures="0" tests="1" name="demo.PutUpdateUser$CreateUser" time="2.989" errors="0" timestamp="2023-04-27T17:36:08 EDT" skipped="0">
  <testcase classname="demo.PutUpdateUser$CreateUser" name="createUser" time="2.989"/>
  <system-out/>
</testsuite> <!-- demo.PutUpdateUser$CreateUser -->
