<?xml version="1.0" encoding="UTF-8"?>
<!-- Generated by org.testng.reporters.JUnitReportReporter -->
<testsuite hostname="Mohsin_PC" failures="0" tests="1" name="demo.DeleteDemo" time="1.648" errors="0" timestamp="2023-04-24T16:06:58 EDT" skipped="0">
  <testcase classname="demo.DeleteDemo" name="deleteuser" time="1.648"/>
  <system-out/>
</testsuite> <!-- demo.DeleteDemo -->
