<?xml version="1.0" encoding="UTF-8"?>
<!-- Generated by org.testng.reporters.JUnitReportReporter -->
<testsuite hostname="Mohsin_PC" failures="0" tests="1" name="demo.GetAllCountries" time="1.539" errors="0" timestamp="2023-04-24T15:37:34 EDT" skipped="0">
  <testcase classname="demo.GetAllCountries" name="getAllCountries" time="1.539"/>
  <system-out/>
</testsuite> <!-- demo.GetAllCountries -->
